{"level":"info","time":"2026-06-23T23:11:01Z","message":"Thank you for trying Cloudflare Tunnel. Doing so, without a Cloudflare account, is a quick way to experiment and try it out. However, be aware that these account-less Tunnels have no uptime guarantee, are subject to the Cloudflare Online Services Terms of Use (https://www.cloudflare.com/website-terms/), and Cloudflare reserves the right to investigate your use of Tunnels for violations of such terms. If you intend to use Tunnels in production you should use a pre-created named tunnel by following: https://developers.cloudflare.com/cloudflare-one/connections/connect-apps"}
{"level":"info","time":"2026-06-23T23:11:01Z","message":"Requesting new quick Tunnel on trycloudflare.com..."}
{"level":"info","time":"2026-06-23T23:11:05Z","message":"+--------------------------------------------------------------------------------------------+"}
{"level":"info","time":"2026-06-23T23:11:05Z","message":"|  Your quick Tunnel has been created! Visit it at (it may take some time to be reachable):  |"}
{"level":"info","time":"2026-06-23T23:11:05Z","message":"|  https://position-terrorist-spatial-occasionally.trycloudflare.com                         |"}
{"level":"info","time":"2026-06-23T23:11:05Z","message":"+--------------------------------------------------------------------------------------------+"}
{"level":"info","time":"2026-06-23T23:11:05Z","message":"Cannot determine default configuration path. No file [config.yml config.yaml] in [~/.cloudflared ~/.cloudflare-warp ~/cloudflare-warp]"}
{"level":"info","time":"2026-06-23T23:11:05Z","message":"Version 2026.5.2 (Checksum 20b9638f685333d623798e733effbad2487093f15ba592f6c7752360ff3b7ab7)"}
{"level":"info","time":"2026-06-23T23:11:05Z","message":"GOOS: windows, GOVersion: go1.26.3, GoArch: amd64"}
{"level":"info","time":"2026-06-23T23:11:05Z","message":"Settings: map[ha-connections:1 logfile:C:\\Users\\cyber\\ai-tools-tracker\\morning-weather\\data\\tunnel.log loglevel:info protocol:quic url:http://127.0.0.1:8794]"}
{"level":"info","time":"2026-06-23T23:11:05Z","message":"cloudflared will not automatically update on Windows systems."}
{"level":"info","time":"2026-06-23T23:11:05Z","message":"Generated Connector ID: a5c09fb5-47af-45e9-bf64-0a47adf2f71d"}
{"level":"info","time":"2026-06-23T23:11:05Z","message":"Initial protocol quic"}
{"level":"info","time":"2026-06-23T23:11:05Z","message":"ICMP proxy will use 192.168.4.96 as source for IPv4"}
{"level":"info","time":"2026-06-23T23:11:05Z","message":"ICMP proxy will use 2001:5a8:4249:b800:e897:5e19:1e64:4913 in zone Wi-Fi as source for IPv6"}
{"level":"info","time":"2026-06-23T23:11:05Z","message":"cloudflared does not support loading the system root certificate pool on Windows. Please use --origin-ca-pool <PATH> to specify the path to the certificate pool"}
{"level":"info","time":"2026-06-23T23:11:05Z","message":"ICMP proxy will use 192.168.4.96 as source for IPv4"}
{"level":"info","event":0,"ip":"2606:4700:a0::6","connIndex":0,"time":"2026-06-23T23:11:05Z","message":"Tunnel connection curve preferences: [X25519MLKEM768 CurveID(65074) CurveP256]"}
{"level":"info","time":"2026-06-23T23:11:05Z","message":"ICMP proxy will use 2001:5a8:4249:b800:e897:5e19:1e64:4913 in zone Wi-Fi as source for IPv6"}
{"level":"info","time":"2026-06-23T23:11:05Z","message":"Starting metrics server on 127.0.0.1:20241/metrics"}
{"level":"info","event":0,"connection":"e0143acd-f5c1-4494-8d53-b6ef359414e7","connIndex":0,"location":"lax09","ip":"2606:4700:a0::6","protocol":"quic","time":"2026-06-23T23:11:05Z","message":"Registered tunnel connection"}
